<?xml version="1.0" encoding="UTF-8"?>
<testsuite name="practical1.NumberToolsTest" tests="2" skipped="0" failures="0" errors="0" timestamp="2024-09-28T10:16:58" hostname="Liams-MBP" time="0.024">
  <properties/>
  <testcase name="testParse" classname="practical1.NumberToolsTest" time="0.007"/>
  <testcase name="testComputeStatistic" classname="practical1.NumberToolsTest" time="0.016"/>
  <system-out><![CDATA[]]></system-out>
  <system-err><![CDATA[]]></system-err>
</testsuite>
